<?xml version="1.0" encoding="UTF-8"?>
<!-- Generated by org.testng.reporters.JUnitXMLReporter -->
<testsuite ignored="0" hostname="DESKTOP-UVO07SS" failures="0" tests="3" name="Test" time="15.369" errors="0" timestamp="2022-02-02T16:01:45 IST">
  <testcase classname="Testingexample.test3" name="verifyAppTitleBeforeSearch" time="0.028"/>
  <testcase classname="Testingexample.test3" name="searchItems" time="2.438"/>
  <testcase classname="Testingexample.test3" name="verifyAppTitle" time="0.03"/>
</testsuite> <!-- Test -->
