<?xml version="1.0" encoding="UTF-8"?>
<!-- Generated by org.testng.reporters.JUnitXMLReporter -->
<testsuite ignored="0" hostname="DESKTOP-UVO07SS" failures="0" tests="3" name="Test" time="31.918" errors="0" timestamp="2022-02-07T15:49:59 IST">
  <testcase classname="dataDrivenTestExample.LoginWithInvalidUser" name="verifyLogin" time="6.95"/>
  <testcase classname="dataDrivenTestExample.LoginWithInvalidUser" name="verifyLogin" time="6.51"/>
  <testcase classname="dataDrivenTestExample.LoginWithInvalidUser" name="verifyLogin" time="6.44"/>
</testsuite> <!-- Test -->
