<?xml version="1.0" encoding="UTF-8"?>
<testng-results ignored="0" total="1" passed="1" failed="0" skipped="0">
  <reporter-output>
  </reporter-output>
  <suite started-at="2022-02-09T15:00:28 IST" name="Default suite" finished-at="2022-02-09T15:01:17 IST" duration-ms="49627">
    <groups>
    </groups>
    <test started-at="2022-02-09T15:00:28 IST" name="Default test" finished-at="2022-02-09T15:01:17 IST" duration-ms="49627">
      <class name="Practice.Shikhar">
        <test-method is-config="true" signature="launchApp()[pri:0, instance:Practice.Shikhar@1e6454ec]" started-at="2022-02-09T15:00:28 IST" name="launchApp" finished-at="2022-02-09T15:00:43 IST" duration-ms="15789" status="PASS">
          <reporter-output>
          </reporter-output>
        </test-method> <!-- launchApp -->
        <test-method signature="signin()[pri:0, instance:Practice.Shikhar@1e6454ec]" started-at="2022-02-09T15:00:44 IST" name="signin" finished-at="2022-02-09T15:01:13 IST" duration-ms="29635" status="PASS">
          <reporter-output>
          </reporter-output>
        </test-method> <!-- signin -->
        <test-method is-config="true" signature="closeApp()[pri:0, instance:Practice.Shikhar@1e6454ec]" started-at="2022-02-09T15:01:13 IST" name="closeApp" finished-at="2022-02-09T15:01:17 IST" duration-ms="4173" status="PASS">
          <reporter-output>
          </reporter-output>
        </test-method> <!-- closeApp -->
      </class> <!-- Practice.Shikhar -->
    </test> <!-- Default test -->
  </suite> <!-- Default suite -->
</testng-results>
